<?xml version="1.0" encoding="UTF-8"?>
<!-- Generated by org.testng.reporters.JUnitReportReporter -->
<testsuite hostname="UPENDAR1998" failures="0" tests="1" name="Contacts_Tests.Delete_Contact_Test" time="19.065" errors="0" timestamp="2023-05-17T17:01:46 IST" skipped="0">
  <testcase classname="Contacts_Tests.Delete_Contact_Test" name="delete_Contact" time="19.065"/>
  <system-out/>
</testsuite> <!-- Contacts_Tests.Delete_Contact_Test -->
