<?xml version="1.0" encoding="UTF-8"?>
<!-- Generated by org.testng.reporters.JUnitReportReporter -->
<testsuite hostname="UPENDAR1998" failures="0" tests="1" name="Practice_Only.ReadDataFromCmdLine" time="0.013" errors="0" timestamp="2023-05-18T21:51:19 IST" skipped="0">
  <testcase classname="Practice_Only.ReadDataFromCmdLine" name="readdata" time="0.013"/>
  <system-out/>
</testsuite> <!-- Practice_Only.ReadDataFromCmdLine -->
