<?xml version="1.0" encoding="UTF-8"?>
<!-- Generated by org.testng.reporters.JUnitReportReporter -->
<testsuite hostname="UPENDAR1998" failures="0" tests="3" name="Organization_Tests.CreateNew_Organization_Tests" time="47.517" errors="0" timestamp="2023-05-17T13:36:57 IST" skipped="1">
  <testcase classname="Organization_Tests.CreateNew_Organization_Tests" name="Tc_004_DeleteOrganization" time="12.378"/>
  <system-out>
    <![CDATA[Organization Created Sucessfully
Organization Deleted Sucessfully]]>
  </system-out>
  <testcase classname="Organization_Tests.CreateNew_Organization_Tests" name="Tc_003_CreateOrganization" time="25.946"/>
  <system-out>
    <![CDATA[Organization Created Sucessfully]]>
  </system-out>
  <testcase classname="Organization_Tests.CreateNew_Organization_Tests" name="Tc_004_DeleteOrganization" time="9.193">
    <skipped/>
  </testcase> <!-- Tc_004_DeleteOrganization -->
  <system-out/>
</testsuite> <!-- Organization_Tests.CreateNew_Organization_Tests -->
