<?xml version="1.0" encoding="UTF-8"?>
<!-- Generated by org.testng.reporters.JUnitReportReporter -->
<testsuite hostname="UPENDAR1998" failures="0" tests="2" name="Contacts_Tests.CreateNew_Contact_Test" time="39.385" errors="0" timestamp="2023-05-15T21:26:07 IST" skipped="0">
  <testcase classname="Contacts_Tests.CreateNew_Contact_Test" name="Tc_002_CreateContact_with_Organization" time="27.558"/>
  <system-out/>
  <testcase classname="Contacts_Tests.CreateNew_Contact_Test" name="Tc_001_CreateConact" time="11.827"/>
  <system-out>
    <![CDATA[Contacts link Clicked]]>
  </system-out>
</testsuite> <!-- Contacts_Tests.CreateNew_Contact_Test -->
