<?xml version="1.0" encoding="UTF-8"?>
<!-- Generated by org.testng.reporters.JUnitReportReporter -->
<testsuite hostname="UPENDAR1998" failures="0" tests="1" name="Contacts_Tests.CreateNew_Contact" time="14.495" errors="0" timestamp="2023-05-15T15:20:46 IST" skipped="0">
  <testcase classname="Contacts_Tests.CreateNew_Contact" name="Tc_001_CreateConact" time="14.495"/>
  <system-out/>
</testsuite> <!-- Contacts_Tests.CreateNew_Contact -->
