<?xml version="1.0" encoding="UTF-8"?>
<!-- Generated by org.testng.reporters.JUnitReportReporter -->
<testsuite hostname="UPENDAR1998" failures="0" tests="2" name="Organization_Tests.CreateNew_Organization_Tests" time="26.303" errors="0" timestamp="2023-05-15T21:26:07 IST" skipped="0">
  <testcase classname="Organization_Tests.CreateNew_Organization_Tests" name="Tc_003_CreateOrganization" time="13.662"/>
  <system-out>
    <![CDATA[Organization Created Sucessfully]]>
  </system-out>
  <testcase classname="Organization_Tests.CreateNew_Organization_Tests" name="Tc_004_DeleteOrganization" time="12.641"/>
  <system-out>
    <![CDATA[Organization Created Sucessfully
Organization Deleted Sucessfully]]>
  </system-out>
</testsuite> <!-- Organization_Tests.CreateNew_Organization_Tests -->
