<?xml version="1.0" encoding="UTF-8"?>
<!-- Generated by org.testng.reporters.JUnitReportReporter -->
<testsuite hostname="UPENDAR1998" failures="0" tests="2" name="Contacts_Tests.CreateNew_Contact_Test" time="42.239" errors="0" timestamp="2023-05-17T13:36:57 IST" skipped="0">
  <testcase classname="Contacts_Tests.CreateNew_Contact_Test" name="Tc_002_CreateContact_with_Organization" time="30.305"/>
  <system-out/>
  <testcase classname="Contacts_Tests.CreateNew_Contact_Test" name="Tc_001_CreateConact" time="11.934"/>
  <system-out>
    <![CDATA[Contacts link Clicked]]>
  </system-out>
</testsuite> <!-- Contacts_Tests.CreateNew_Contact_Test -->
