<?xml version="1.0" encoding="UTF-8"?>
<!-- Generated by org.testng.reporters.JUnitReportReporter -->
<testsuite hostname="UPENDAR1998" failures="0" tests="1" name="Practice_Only.launchBrows_Basecls" time="0.010" errors="0" timestamp="2023-05-14T18:05:38 IST" skipped="0">
  <testcase classname="Practice_Only.launchBrows_Basecls" name="TC_002_SampleTest" time="0.010"/>
  <system-out/>
</testsuite> <!-- Practice_Only.launchBrows_Basecls -->
